<?xml version="1.0" encoding="UTF-8"?>
<testsuite xmlns:xsi="http://www.w3.org/2001/XMLSchema-instance" xsi:noNamespaceSchemaLocation="https://maven.apache.org/surefire/maven-surefire-plugin/xsd/surefire-test-report-3.0.xsd" version="3.0" name="io.kennethmartens.ckm.GreetingResourceTest" time="54.386" tests="1" errors="0" skipped="0" failures="0">
  <properties>
[...]
</properties>
  <testcase name="testHelloEndpoint" classname="io.kennethmartens.ckm.GreetingResourceTest" time="2.731">
    <system-out><![CDATA[2022-07-11 15:17:40,779 INFO  [org.jbo.threads] (main) JBoss Threads version 3.4.2.Final
2022-07-11 15:17:41,340 WARN  [io.qua.hib.rea.dep.HibernateReactiveProcessor] (build-13) Hibernate Reactive is disabled because no JPA entities were found
2022-07-11 15:17:41,341 WARN  [io.qua.hib.orm.dep.HibernateOrmProcessor] (build-5) Hibernate ORM is disabled because no JPA entities were found
2022-07-11 15:17:41,342 WARN  [io.qua.hib.rea.dep.HibernateReactiveProcessor] (build-9) Skipping registration of ReactiveSessionFactoryProducer and ReactiveSessionProducer because exactly one persistence unit is required for their registration
2022-07-11 15:17:41,413 INFO  [org.tes.doc.DockerClientProviderStrategy] (build-16) Loaded org.testcontainers.dockerclient.UnixSocketClientProviderStrategy from ~/.testcontainers.properties, will try it first
2022-07-11 15:17:42,957 INFO  [org.tes.doc.DockerClientProviderStrategy] (build-16) Found Docker environment with local Unix socket (unix:///var/run/docker.sock)
2022-07-11 15:17:42,961 INFO  [org.tes.DockerClientFactory] (build-16) Docker host IP address is localhost
2022-07-11 15:17:43,052 INFO  [org.tes.DockerClientFactory] (build-16) Connected to docker: 
  Server Version: 20.10.13
  API Version: 1.41
  Operating System: Docker Desktop
  Total Memory: 3934 MB
2022-07-11 15:17:43,084 INFO  [org.tes.uti.ImageNameSubstitutor] (build-16) Image name substitution will be performed by: DefaultImageNameSubstitutor (composite of 'ConfigurationFileImageNameSubstitutor' and 'PrefixingImageNameSubstitutor')
2022-07-11 15:17:43,236 INFO  [🐳 .3.3]] (build-16) Creating container for image: testcontainers/ryuk:0.3.3
2022-07-11 15:17:43,824 INFO  [🐳 .3.3]] (build-16) Container testcontainers/ryuk:0.3.3 is starting: 4f2766e4ec5b96e953ca08209de426c185b224ce2c0fdcbdbe5b6aa296f2fbc9
2022-07-11 15:17:44,750 INFO  [🐳 .3.3]] (build-16) Container testcontainers/ryuk:0.3.3 started in PT1.65459S
2022-07-11 15:17:44,790 INFO  [org.tes.uti.RyukResourceReaper] (build-16) Ryuk started - will monitor and terminate Testcontainers containers on JVM exit
2022-07-11 15:17:44,798 INFO  [org.tes.DockerClientFactory] (build-16) Checking the system...
2022-07-11 15:17:44,799 INFO  [org.tes.DockerClientFactory] (build-16) ✔︎ Docker server version should be at least 1.6.0
2022-07-11 15:17:44,846 INFO  [🐳 .io/.0]] (build-16) Creating container for image: docker.io/mysql:8.0
2022-07-11 15:17:44,943 INFO  [org.tes.uti.RegistryAuthLocator] (build-16) Credential helper/store (docker-credential-desktop) does not have credentials for docker.io
2022-07-11 15:17:44,947 WARN  [🐳 .io/.0]] (build-16) Reuse was requested but the environment does not support the reuse of containers
To enable reuse of containers, you must set 'testcontainers.reuse.enable=true' in a file located at /Users/kennethmartens/.testcontainers.properties
2022-07-11 15:17:45,434 INFO  [🐳 .io/.0]] (build-16) Container docker.io/mysql:8.0 is starting: c43a0f1eff1fdd9bf983d72af509b78759db7d9b9b56ccdb3ceea25109fe423d
2022-07-11 15:17:46,031 INFO  [🐳 .io/.0]] (build-16) Waiting for database connection to become available at jdbc:mysql://localhost:59110/default using query 'SELECT 1'
2022-07-11 15:18:24,337 INFO  [🐳 .io/.0]] (build-16) Container is started (JDBC URL: jdbc:mysql://localhost:59110/default)
2022-07-11 15:18:24,339 INFO  [🐳 .io/.0]] (build-16) Container docker.io/mysql:8.0 started in PT39.523025S
2022-07-11 15:18:24,340 INFO  [io.qua.dev.mys.dep.MySQLDevServicesProcessor] (build-16) Dev Services for MySQL started.
2022-07-11 15:18:24,348 INFO  [io.qua.dat.dep.dev.DevServicesDatasourceProcessor] (build-16) Dev Services for the default datasource (mysql) started.
2022-07-11 15:18:24,423 INFO  [io.qua.hib.orm.dep.HibernateOrmProcessor] (build-16) Setting quarkus.hibernate-orm.database.generation=drop-and-create to initialize Dev Services managed database
2022-07-11 15:18:25,013 WARN  [io.qua.config] (main) Unrecognized configuration key "quarkus.datasource.jdbc.url" was provided; it will be ignored; verify that the dependency extension for this configuration is set or that you did not make a typo
2022-07-11 15:18:26,080 INFO  [io.quarkus] (main) gallery-service 1.0.0-SNAPSHOT on JVM (powered by Quarkus 2.10.2.Final) started in 46.529s. Listening on: http://localhost:8081
2022-07-11 15:18:26,081 INFO  [io.quarkus] (main) Profile test activated. 
2022-07-11 15:18:26,081 INFO  [io.quarkus] (main) Installed features: [cdi, hibernate-orm, hibernate-reactive, hibernate-reactive-panache, hibernate-reactive-rest-data-panache, jdbc-mysql, reactive-mysql-client, rest-client-reactive, resteasy-reactive, resteasy-reactive-links, smallrye-context-propagation, smallrye-openapi, swagger-ui, vertx]
]]></system-out>
  </testcase>
</testsuite>